<?xml version="1.0" encoding="UTF-8"?>
<!-- Generated by org.testng.reporters.JUnitReportReporter -->
<testsuite hostname="Balajis-Air" failures="0" tests="2" name="EndToEnd.SeleniumProject.ValidaateTitle" time="1.923" errors="0" timestamp="2022-03-12T21:09:12 IST" skipped="0">
  <testcase classname="EndToEnd.SeleniumProject.ValidaateTitle" name="validatetitle" time="1.714"/>
  <system-out/>
  <testcase classname="EndToEnd.SeleniumProject.ValidaateTitle" name="validateHeader" time="0.209"/>
  <system-out/>
</testsuite> <!-- EndToEnd.SeleniumProject.ValidaateTitle -->
