<?xml version="1.0" encoding="UTF-8"?>
<!-- Generated by org.testng.reporters.JUnitReportReporter -->
<testsuite hostname="Balajis-Air" failures="0" tests="1" name="EndToEnd.SeleniumProject.Base" time="7.537" errors="0" timestamp="2022-02-18T14:54:33 IST" skipped="0">
  <testcase classname="EndToEnd.SeleniumProject.Base" name="IntializeDriver" time="7.537"/>
  <system-out/>
</testsuite> <!-- EndToEnd.SeleniumProject.Base -->
