<?xml version="1.0" encoding="UTF-8"?>
<!-- Generated by org.testng.reporters.JUnitReportReporter -->
<testsuite hostname="Balajis-Air" failures="0" tests="2" name="EndToEnd.SeleniumProject.HomePage" time="81.699" errors="0" timestamp="2022-03-12T21:09:12 IST" skipped="0">
  <testcase classname="EndToEnd.SeleniumProject.HomePage" name="basePageNavigation" time="36.250"/>
  <system-out/>
  <testcase classname="EndToEnd.SeleniumProject.HomePage" name="basePageNavigation" time="45.449"/>
  <system-out/>
</testsuite> <!-- EndToEnd.SeleniumProject.HomePage -->
