<?xml version="1.0" encoding="UTF-8"?>
<!-- Generated by org.testng.reporters.JUnitReportReporter -->
<testsuite hostname="Balajis-MacBook-Air.local" failures="0" tests="1" name="EndToEnd.SeleniumProject.ValidaateTitle" time="2.028" errors="0" timestamp="2022-02-28T17:17:48 IST" skipped="0">
  <testcase classname="EndToEnd.SeleniumProject.ValidaateTitle" name="basePageNavigation1" time="2.028"/>
  <system-out/>
</testsuite> <!-- EndToEnd.SeleniumProject.ValidaateTitle -->
